<?xml version="1.0" encoding="UTF-8"?>
<testng-results ignored="0" total="1" passed="1" failed="0" skipped="0">
  <reporter-output>
  </reporter-output>
  <suite started-at="2026-04-03T17:22:30 IST" name="Default suite" finished-at="2026-04-03T17:22:51 IST" duration-ms="20809">
    <groups>
    </groups>
    <test started-at="2026-04-03T17:22:30 IST" name="Default test" finished-at="2026-04-03T17:22:51 IST" duration-ms="20809">
      <class name="testScripts.LogoutTest">
        <test-method is-config="true" signature="launchBrowser()[pri:0, instance:testScripts.LogoutTest@38425407]" started-at="2026-04-03T17:22:30 IST" name="launchBrowser" finished-at="2026-04-03T17:22:42 IST" duration-ms="12209" status="PASS">
          <reporter-output>
          </reporter-output>
        </test-method> <!-- launchBrowser -->
        <test-method signature="logout()[pri:0, instance:testScripts.LogoutTest@38425407]" started-at="2026-04-03T17:22:42 IST" name="logout" finished-at="2026-04-03T17:22:50 IST" duration-ms="8121" status="PASS">
          <reporter-output>
          </reporter-output>
        </test-method> <!-- logout -->
        <test-method is-config="true" signature="tearDown()[pri:0, instance:testScripts.LogoutTest@38425407]" started-at="2026-04-03T17:22:51 IST" name="tearDown" finished-at="2026-04-03T17:22:51 IST" duration-ms="404" status="PASS">
          <reporter-output>
          </reporter-output>
        </test-method> <!-- tearDown -->
      </class> <!-- testScripts.LogoutTest -->
    </test> <!-- Default test -->
  </suite> <!-- Default suite -->
</testng-results>
